build/app/intermediates/manifest_merge_blame_file/debug/manifest-merger-blame-debug-report.txt
1<?xml version="1.0" encoding="utf-8"?>
2<manifest xmlns:android="http://schemas.android.com/apk/res/android"
3    package="com.niuto.customer"
4    android:versionCode="1"
5    android:versionName="1.0.0" >
6
7    <uses-sdk
8        android:minSdkVersion="20"
9        android:targetSdkVersion="31" />
10    <!--
11         Flutter needs it to communicate with the running application
12         to allow setting breakpoints, to provide hot reload, etc.
13    -->
14    <uses-permission android:name="android.permission.INTERNET" />
14-->src/main/AndroidManifest.xml:4:5-67
14-->src/main/AndroidManifest.xml:4:22-64
15    <uses-permission android:name="android.permission.ACCESS_COARSE_LOCATION" />
15-->src/main/AndroidManifest.xml:5:5-81
15-->src/main/AndroidManifest.xml:5:22-78
16    <uses-permission android:name="android.permission.ACCESS_FINE_LOCATION" /> <!-- Create a unique permission for your app and use it so only your app can receive your OneSignal messages. -->
16-->src/main/AndroidManifest.xml:6:5-79
16-->src/main/AndroidManifest.xml:6:22-76
17    <permission
17-->[com.onesignal:OneSignal:4.6.1] AndroidManifest.xml:7:5-9:47
18        android:name="com.niuto.customer.permission.C2D_MESSAGE"
18-->[com.onesignal:OneSignal:4.6.1] AndroidManifest.xml:8:9-63
19        android:protectionLevel="signature" />
19-->[com.onesignal:OneSignal:4.6.1] AndroidManifest.xml:9:9-44
20
21    <uses-permission android:name="com.niuto.customer.permission.C2D_MESSAGE" /> <!-- c2dm RECEIVE are basic requirements for push messages through Google's FCM -->
21-->[com.onesignal:OneSignal:4.6.1] AndroidManifest.xml:11:5-79
21-->[com.onesignal:OneSignal:4.6.1] AndroidManifest.xml:11:22-76
22    <uses-permission android:name="com.google.android.c2dm.permission.RECEIVE" /> <!-- Required, makes sure notifications are delivered on time. -->
22-->[com.onesignal:OneSignal:4.6.1] AndroidManifest.xml:17:5-82
22-->[com.onesignal:OneSignal:4.6.1] AndroidManifest.xml:17:22-79
23    <uses-permission android:name="android.permission.WAKE_LOCK" />
23-->[com.onesignal:OneSignal:4.6.1] AndroidManifest.xml:18:5-68
23-->[com.onesignal:OneSignal:4.6.1] AndroidManifest.xml:18:22-65
24    <!--
25 Required so the device vibrates on receiving a push notification.
26         Vibration settings of the device still apply.
27    -->
28    <uses-permission android:name="android.permission.VIBRATE" />
28-->[com.onesignal:OneSignal:4.6.1] AndroidManifest.xml:23:5-66
28-->[com.onesignal:OneSignal:4.6.1] AndroidManifest.xml:23:22-63
29    <uses-permission android:name="android.permission.ACCESS_NETWORK_STATE" />
29-->[com.onesignal:OneSignal:4.6.1] AndroidManifest.xml:24:5-79
29-->[com.onesignal:OneSignal:4.6.1] AndroidManifest.xml:24:22-76
30    <!--
31 Use to restore notifications the user hasn't interacted with.
32         They could be missed notifications if the user reboots their device if this isn't in place.
33    -->
34    <uses-permission android:name="android.permission.RECEIVE_BOOT_COMPLETED" /> <!-- START: ShortcutBadger -->
34-->[com.onesignal:OneSignal:4.6.1] AndroidManifest.xml:29:5-81
34-->[com.onesignal:OneSignal:4.6.1] AndroidManifest.xml:29:22-78
35    <!-- Samsung -->
36    <uses-permission android:name="com.sec.android.provider.badge.permission.READ" />
36-->[com.onesignal:OneSignal:4.6.1] AndroidManifest.xml:31:5-86
36-->[com.onesignal:OneSignal:4.6.1] AndroidManifest.xml:31:22-83
37    <uses-permission android:name="com.sec.android.provider.badge.permission.WRITE" /> <!-- HTC -->
37-->[com.onesignal:OneSignal:4.6.1] AndroidManifest.xml:32:5-87
37-->[com.onesignal:OneSignal:4.6.1] AndroidManifest.xml:32:22-84
38    <uses-permission android:name="com.htc.launcher.permission.READ_SETTINGS" />
38-->[com.onesignal:OneSignal:4.6.1] AndroidManifest.xml:33:5-81
38-->[com.onesignal:OneSignal:4.6.1] AndroidManifest.xml:33:22-78
39    <uses-permission android:name="com.htc.launcher.permission.UPDATE_SHORTCUT" /> <!-- Sony -->
39-->[com.onesignal:OneSignal:4.6.1] AndroidManifest.xml:34:5-83
39-->[com.onesignal:OneSignal:4.6.1] AndroidManifest.xml:34:22-80
40    <uses-permission android:name="com.sonyericsson.home.permission.BROADCAST_BADGE" />
40-->[com.onesignal:OneSignal:4.6.1] AndroidManifest.xml:35:5-88
40-->[com.onesignal:OneSignal:4.6.1] AndroidManifest.xml:35:22-85
41    <uses-permission android:name="com.sonymobile.home.permission.PROVIDER_INSERT_BADGE" /> <!-- Apex -->
41-->[com.onesignal:OneSignal:4.6.1] AndroidManifest.xml:36:5-92
41-->[com.onesignal:OneSignal:4.6.1] AndroidManifest.xml:36:22-89
42    <uses-permission android:name="com.anddoes.launcher.permission.UPDATE_COUNT" /> <!-- Solid -->
42-->[com.onesignal:OneSignal:4.6.1] AndroidManifest.xml:37:5-84
42-->[com.onesignal:OneSignal:4.6.1] AndroidManifest.xml:37:22-81
43    <uses-permission android:name="com.majeur.launcher.permission.UPDATE_BADGE" /> <!-- Huawei -->
43-->[com.onesignal:OneSignal:4.6.1] AndroidManifest.xml:38:5-83
43-->[com.onesignal:OneSignal:4.6.1] AndroidManifest.xml:38:22-80
44    <uses-permission android:name="com.huawei.android.launcher.permission.CHANGE_BADGE" />
44-->[com.onesignal:OneSignal:4.6.1] AndroidManifest.xml:39:5-91
44-->[com.onesignal:OneSignal:4.6.1] AndroidManifest.xml:39:22-88
45    <uses-permission android:name="com.huawei.android.launcher.permission.READ_SETTINGS" />
45-->[com.onesignal:OneSignal:4.6.1] AndroidManifest.xml:40:5-92
45-->[com.onesignal:OneSignal:4.6.1] AndroidManifest.xml:40:22-89
46    <uses-permission android:name="com.huawei.android.launcher.permission.WRITE_SETTINGS" /> <!-- ZUK -->
46-->[com.onesignal:OneSignal:4.6.1] AndroidManifest.xml:41:5-93
46-->[com.onesignal:OneSignal:4.6.1] AndroidManifest.xml:41:22-90
47    <uses-permission android:name="android.permission.READ_APP_BADGE" /> <!-- OPPO -->
47-->[com.onesignal:OneSignal:4.6.1] AndroidManifest.xml:42:5-73
47-->[com.onesignal:OneSignal:4.6.1] AndroidManifest.xml:42:22-70
48    <uses-permission android:name="com.oppo.launcher.permission.READ_SETTINGS" />
48-->[com.onesignal:OneSignal:4.6.1] AndroidManifest.xml:43:5-82
48-->[com.onesignal:OneSignal:4.6.1] AndroidManifest.xml:43:22-79
49    <uses-permission android:name="com.oppo.launcher.permission.WRITE_SETTINGS" /> <!-- EvMe -->
49-->[com.onesignal:OneSignal:4.6.1] AndroidManifest.xml:44:5-83
49-->[com.onesignal:OneSignal:4.6.1] AndroidManifest.xml:44:22-80
50    <uses-permission android:name="me.everything.badger.permission.BADGE_COUNT_READ" />
50-->[com.onesignal:OneSignal:4.6.1] AndroidManifest.xml:45:5-88
50-->[com.onesignal:OneSignal:4.6.1] AndroidManifest.xml:45:22-85
51    <uses-permission android:name="me.everything.badger.permission.BADGE_COUNT_WRITE" /> <!-- Permission will be merged into the manifest of the hosting app. -->
51-->[com.onesignal:OneSignal:4.6.1] AndroidManifest.xml:46:5-89
51-->[com.onesignal:OneSignal:4.6.1] AndroidManifest.xml:46:22-86
52    <!-- Is required to launch foreground extraction service for targetSdkVersion 28+. -->
53    <uses-permission android:name="android.permission.FOREGROUND_SERVICE" />
53-->[com.google.android.play:core:1.10.0] AndroidManifest.xml:8:3-74
53-->[com.google.android.play:core:1.10.0] AndroidManifest.xml:8:20-72
54
55    <uses-feature
55-->[com.google.android.gms:play-services-maps:17.0.0] AndroidManifest.xml:26:5-28:35
56        android:glEsVersion="0x00020000"
56-->[com.google.android.gms:play-services-maps:17.0.0] AndroidManifest.xml:27:9-41
57        android:required="true" />
57-->[com.google.android.gms:play-services-maps:17.0.0] AndroidManifest.xml:28:9-32
58
59    <uses-permission android:name="com.google.android.finsky.permission.BIND_GET_INSTALL_REFERRER_SERVICE" />
59-->[com.android.installreferrer:installreferrer:1.0] AndroidManifest.xml:9:5-110
59-->[com.android.installreferrer:installreferrer:1.0] AndroidManifest.xml:9:22-107
60
61    <application
61-->src/main/AndroidManifest.xml:9:5-72:19
62        android:name="androidx.multidex.MultiDexApplication"
63        android:appComponentFactory="androidx.core.app.CoreComponentFactory"
63-->[androidx.core:core:1.3.2] AndroidManifest.xml:24:18-86
64        android:debuggable="true"
65        android:icon="@mipmap/ic_launcher"
65-->src/main/AndroidManifest.xml:10:9-43
66        android:label="Niuto Store"
66-->src/main/AndroidManifest.xml:11:9-36
67        android:supportsRtl="true"
67-->[com.facebook.android:facebook-login:12.0.1] AndroidManifest.xml:28:18-44
68        android:usesCleartextTraffic="true" >
68-->src/main/AndroidManifest.xml:12:9-44
69        <activity
69-->src/main/AndroidManifest.xml:13:9-39:20
70            android:name="com.niuto.customer.MainActivity"
70-->src/main/AndroidManifest.xml:14:13-41
71            android:configChanges="orientation|keyboardHidden|keyboard|screenSize|smallestScreenSize|locale|layoutDirection|fontScale|screenLayout|density|uiMode"
71-->src/main/AndroidManifest.xml:15:13-163
72            android:hardwareAccelerated="true"
72-->src/main/AndroidManifest.xml:16:13-47
73            android:launchMode="singleTop"
73-->src/main/AndroidManifest.xml:17:13-43
74            android:theme="@style/LaunchTheme"
74-->src/main/AndroidManifest.xml:18:13-47
75            android:windowSoftInputMode="adjustResize" >
75-->src/main/AndroidManifest.xml:19:13-55
76
77            <!--
78                 Specifies an Android theme to apply to this Activity as soon as
79                 the Android process has started. This theme is visible to the user
80                 while the Flutter UI initializes. After that, this theme continues
81                 to determine the Window background behind the Flutter UI.
82            -->
83            <meta-data
83-->src/main/AndroidManifest.xml:24:13-26:57
84                android:name="io.flutter.embedding.android.NormalTheme"
84-->src/main/AndroidManifest.xml:25:17-72
85                android:resource="@style/NormalTheme" />
85-->src/main/AndroidManifest.xml:26:17-54
86            <!--
87                 Displays an Android View that continues showing the launch screen
88                 Drawable until Flutter paints its first frame, then this splash
89                 screen fades out. A splash screen is useful to avoid any visual
90                 gap between the end of Android's launch screen and the painting of
91                 Flutter's first frame.
92            -->
93            <meta-data
93-->src/main/AndroidManifest.xml:32:13-34:66
94                android:name="io.flutter.embedding.android.SplashScreenDrawable"
94-->src/main/AndroidManifest.xml:33:17-81
95                android:resource="@drawable/launch_background" />
95-->src/main/AndroidManifest.xml:34:17-63
96
97            <intent-filter>
97-->src/main/AndroidManifest.xml:35:13-38:29
98                <action android:name="android.intent.action.MAIN" />
98-->src/main/AndroidManifest.xml:36:17-69
98-->src/main/AndroidManifest.xml:36:25-66
99
100                <category android:name="android.intent.category.LAUNCHER" />
100-->src/main/AndroidManifest.xml:37:17-77
100-->src/main/AndroidManifest.xml:37:27-74
101            </intent-filter>
102        </activity>
103        <!--
104             Don't delete the meta-data below.
105             This is used by the Flutter tool to generate GeneratedPluginRegistrant.java
106        -->
107        <meta-data
107-->src/main/AndroidManifest.xml:42:9-44:33
108            android:name="flutterEmbedding"
108-->src/main/AndroidManifest.xml:43:13-44
109            android:value="2" />
109-->src/main/AndroidManifest.xml:44:13-30
110        <meta-data
110-->src/main/AndroidManifest.xml:46:9-48:55
111            android:name="com.facebook.sdk.ApplicationId"
111-->src/main/AndroidManifest.xml:47:13-58
112            android:value="@string/facebook_app_id" />
112-->src/main/AndroidManifest.xml:48:13-52
113
114        <activity
114-->src/main/AndroidManifest.xml:50:9-53:48
115            android:name="com.facebook.FacebookActivity"
115-->src/main/AndroidManifest.xml:51:13-57
116            android:configChanges="keyboard|keyboardHidden|screenLayout|screenSize|orientation"
116-->src/main/AndroidManifest.xml:52:13-96
117            android:label="@string/app_name"
117-->src/main/AndroidManifest.xml:53:13-45
118            android:theme="@style/com_facebook_activity_theme" />
118-->[com.facebook.android:facebook-common:12.0.1] AndroidManifest.xml:33:13-63
119        <activity
119-->src/main/AndroidManifest.xml:55:9-66:20
120            android:name="com.facebook.CustomTabActivity"
120-->src/main/AndroidManifest.xml:56:13-58
121            android:exported="true" >
121-->src/main/AndroidManifest.xml:57:13-36
122            <intent-filter>
122-->src/main/AndroidManifest.xml:58:13-65:29
123                <action android:name="android.intent.action.VIEW" />
123-->src/main/AndroidManifest.xml:59:17-69
123-->src/main/AndroidManifest.xml:59:25-66
124
125                <category android:name="android.intent.category.DEFAULT" />
125-->src/main/AndroidManifest.xml:61:17-76
125-->src/main/AndroidManifest.xml:61:27-73
126                <category android:name="android.intent.category.BROWSABLE" />
126-->src/main/AndroidManifest.xml:62:17-78
126-->src/main/AndroidManifest.xml:62:27-75
127
128                <data android:scheme="@string/fb_login_protocol_scheme" />
128-->src/main/AndroidManifest.xml:64:17-75
128-->src/main/AndroidManifest.xml:64:23-72
129            </intent-filter>
130            <intent-filter>
130-->[com.facebook.android:facebook-common:12.0.1] AndroidManifest.xml:39:13-48:29
131                <action android:name="android.intent.action.VIEW" />
131-->src/main/AndroidManifest.xml:59:17-69
131-->src/main/AndroidManifest.xml:59:25-66
132
133                <category android:name="android.intent.category.DEFAULT" />
133-->src/main/AndroidManifest.xml:61:17-76
133-->src/main/AndroidManifest.xml:61:27-73
134                <category android:name="android.intent.category.BROWSABLE" />
134-->src/main/AndroidManifest.xml:62:17-78
134-->src/main/AndroidManifest.xml:62:27-75
135
136                <data
136-->src/main/AndroidManifest.xml:64:17-75
137                    android:host="cct.com.niuto.customer"
138                    android:scheme="fbconnect" />
138-->src/main/AndroidManifest.xml:64:23-72
139            </intent-filter>
140        </activity>
141
142        <meta-data
142-->src/main/AndroidManifest.xml:68:9-70:71
143            android:name="com.google.android.geo.API_KEY"
143-->src/main/AndroidManifest.xml:69:13-58
144            android:value="AIzaSyA7kx0PpVHcBdTlHYa3Yp_XU2-44HVWHLo" />
144-->src/main/AndroidManifest.xml:70:13-68
145
146        <service
146-->[:location] AndroidManifest.xml:11:9-15:56
147            android:name="com.lyokone.location.FlutterLocationService"
147-->[:location] AndroidManifest.xml:12:13-71
148            android:enabled="true"
148-->[:location] AndroidManifest.xml:13:13-35
149            android:exported="false"
149-->[:location] AndroidManifest.xml:14:13-37
150            android:foregroundServiceType="location" />
150-->[:location] AndroidManifest.xml:15:13-53
151
152        <provider
152-->[:share] AndroidManifest.xml:8:9-16:20
153            android:name="io.flutter.plugins.share.ShareFileProvider"
153-->[:share] AndroidManifest.xml:9:13-70
154            android:authorities="com.niuto.customer.flutter.share_provider"
154-->[:share] AndroidManifest.xml:10:13-74
155            android:exported="false"
155-->[:share] AndroidManifest.xml:11:13-37
156            android:grantUriPermissions="true" >
156-->[:share] AndroidManifest.xml:12:13-47
157            <meta-data
157-->[:share] AndroidManifest.xml:13:13-15:68
158                android:name="android.support.FILE_PROVIDER_PATHS"
158-->[:share] AndroidManifest.xml:14:17-67
159                android:resource="@xml/flutter_share_file_paths" />
159-->[:share] AndroidManifest.xml:15:17-65
160        </provider>
161
162        <activity
162-->[:url_launcher] AndroidManifest.xml:8:9-11:74
163            android:name="io.flutter.plugins.urllauncher.WebViewActivity"
163-->[:url_launcher] AndroidManifest.xml:9:13-74
164            android:exported="false"
164-->[:url_launcher] AndroidManifest.xml:10:13-37
165            android:theme="@android:style/Theme.NoTitleBar.Fullscreen" />
165-->[:url_launcher] AndroidManifest.xml:11:13-71
166
167        <receiver
167-->[com.onesignal:OneSignal:4.6.1] AndroidManifest.xml:49:9-60:20
168            android:name="com.onesignal.FCMBroadcastReceiver"
168-->[com.onesignal:OneSignal:4.6.1] AndroidManifest.xml:50:13-62
169            android:exported="true"
169-->[com.onesignal:OneSignal:4.6.1] AndroidManifest.xml:51:13-36
170            android:permission="com.google.android.c2dm.permission.SEND" >
170-->[com.onesignal:OneSignal:4.6.1] AndroidManifest.xml:52:13-73
171
172            <!-- High priority so OneSignal payloads can be filtered from other FCM receivers -->
173            <intent-filter android:priority="999" >
173-->[com.onesignal:OneSignal:4.6.1] AndroidManifest.xml:55:13-59:29
173-->[com.onesignal:OneSignal:4.6.1] AndroidManifest.xml:55:28-50
174                <action android:name="com.google.android.c2dm.intent.RECEIVE" />
174-->[com.onesignal:OneSignal:4.6.1] AndroidManifest.xml:56:17-81
174-->[com.onesignal:OneSignal:4.6.1] AndroidManifest.xml:56:25-78
175
176                <category android:name="com.niuto.customer" />
176-->[com.onesignal:OneSignal:4.6.1] AndroidManifest.xml:58:17-61
176-->[com.onesignal:OneSignal:4.6.1] AndroidManifest.xml:58:27-58
177            </intent-filter>
178        </receiver>
179
180        <service
180-->[com.onesignal:OneSignal:4.6.1] AndroidManifest.xml:62:9-68:19
181            android:name="com.onesignal.HmsMessageServiceOneSignal"
181-->[com.onesignal:OneSignal:4.6.1] AndroidManifest.xml:63:13-68
182            android:exported="false" >
182-->[com.onesignal:OneSignal:4.6.1] AndroidManifest.xml:64:13-37
183            <intent-filter>
183-->[com.onesignal:OneSignal:4.6.1] AndroidManifest.xml:65:13-67:29
184                <action android:name="com.huawei.push.action.MESSAGING_EVENT" />
184-->[com.onesignal:OneSignal:4.6.1] AndroidManifest.xml:66:17-81
184-->[com.onesignal:OneSignal:4.6.1] AndroidManifest.xml:66:25-78
185            </intent-filter>
186        </service>
187
188        <activity
188-->[com.onesignal:OneSignal:4.6.1] AndroidManifest.xml:70:9-78:20
189            android:name="com.onesignal.NotificationOpenedActivityHMS"
189-->[com.onesignal:OneSignal:4.6.1] AndroidManifest.xml:71:13-71
190            android:exported="true"
190-->[com.onesignal:OneSignal:4.6.1] AndroidManifest.xml:72:13-36
191            android:noHistory="true"
191-->[com.onesignal:OneSignal:4.6.1] AndroidManifest.xml:73:13-37
192            android:theme="@android:style/Theme.Translucent.NoTitleBar" >
192-->[com.onesignal:OneSignal:4.6.1] AndroidManifest.xml:74:13-72
193            <intent-filter>
193-->[com.onesignal:OneSignal:4.6.1] AndroidManifest.xml:75:13-77:29
194                <action android:name="android.intent.action.VIEW" />
194-->src/main/AndroidManifest.xml:59:17-69
194-->src/main/AndroidManifest.xml:59:25-66
195            </intent-filter>
196        </activity>
197
198        <service
198-->[com.onesignal:OneSignal:4.6.1] AndroidManifest.xml:80:9-82:40
199            android:name="com.onesignal.FCMIntentService"
199-->[com.onesignal:OneSignal:4.6.1] AndroidManifest.xml:81:13-58
200            android:exported="false" />
200-->[com.onesignal:OneSignal:4.6.1] AndroidManifest.xml:82:13-37
201        <service
201-->[com.onesignal:OneSignal:4.6.1] AndroidManifest.xml:83:9-86:72
202            android:name="com.onesignal.FCMIntentJobService"
202-->[com.onesignal:OneSignal:4.6.1] AndroidManifest.xml:84:13-61
203            android:exported="false"
203-->[com.onesignal:OneSignal:4.6.1] AndroidManifest.xml:85:13-37
204            android:permission="android.permission.BIND_JOB_SERVICE" />
204-->[com.onesignal:OneSignal:4.6.1] AndroidManifest.xml:86:13-69
205        <service
205-->[com.onesignal:OneSignal:4.6.1] AndroidManifest.xml:87:9-90:43
206            android:name="com.onesignal.FocusDelaySyncService"
206-->[com.onesignal:OneSignal:4.6.1] AndroidManifest.xml:88:13-63
207            android:exported="false"
207-->[com.onesignal:OneSignal:4.6.1] AndroidManifest.xml:89:13-37
208            android:stopWithTask="true" />
208-->[com.onesignal:OneSignal:4.6.1] AndroidManifest.xml:90:13-40
209        <service
209-->[com.onesignal:OneSignal:4.6.1] AndroidManifest.xml:91:9-94:72
210            android:name="com.onesignal.FocusDelaySyncJobService"
210-->[com.onesignal:OneSignal:4.6.1] AndroidManifest.xml:92:13-66
211            android:exported="false"
211-->[com.onesignal:OneSignal:4.6.1] AndroidManifest.xml:93:13-37
212            android:permission="android.permission.BIND_JOB_SERVICE" />
212-->[com.onesignal:OneSignal:4.6.1] AndroidManifest.xml:94:13-69
213        <service
213-->[com.onesignal:OneSignal:4.6.1] AndroidManifest.xml:95:9-98:43
214            android:name="com.onesignal.SyncService"
214-->[com.onesignal:OneSignal:4.6.1] AndroidManifest.xml:96:13-53
215            android:exported="false"
215-->[com.onesignal:OneSignal:4.6.1] AndroidManifest.xml:97:13-37
216            android:stopWithTask="true" />
216-->[com.onesignal:OneSignal:4.6.1] AndroidManifest.xml:98:13-40
217        <service
217-->[com.onesignal:OneSignal:4.6.1] AndroidManifest.xml:99:9-102:72
218            android:name="com.onesignal.SyncJobService"
218-->[com.onesignal:OneSignal:4.6.1] AndroidManifest.xml:100:13-56
219            android:exported="false"
219-->[com.onesignal:OneSignal:4.6.1] AndroidManifest.xml:101:13-37
220            android:permission="android.permission.BIND_JOB_SERVICE" />
220-->[com.onesignal:OneSignal:4.6.1] AndroidManifest.xml:102:13-69
221
222        <activity
222-->[com.onesignal:OneSignal:4.6.1] AndroidManifest.xml:104:9-107:75
223            android:name="com.onesignal.PermissionsActivity"
223-->[com.onesignal:OneSignal:4.6.1] AndroidManifest.xml:105:13-61
224            android:exported="false"
224-->[com.onesignal:OneSignal:4.6.1] AndroidManifest.xml:106:13-37
225            android:theme="@android:style/Theme.Translucent.NoTitleBar" />
225-->[com.onesignal:OneSignal:4.6.1] AndroidManifest.xml:107:13-72
226
227        <receiver
227-->[com.onesignal:OneSignal:4.6.1] AndroidManifest.xml:109:9-111:39
228            android:name="com.onesignal.NotificationDismissReceiver"
228-->[com.onesignal:OneSignal:4.6.1] AndroidManifest.xml:110:13-69
229            android:exported="true" />
229-->[com.onesignal:OneSignal:4.6.1] AndroidManifest.xml:111:13-36
230        <receiver
230-->[com.onesignal:OneSignal:4.6.1] AndroidManifest.xml:112:9-119:20
231            android:name="com.onesignal.BootUpReceiver"
231-->[com.onesignal:OneSignal:4.6.1] AndroidManifest.xml:113:13-56
232            android:exported="true" >
232-->[com.onesignal:OneSignal:4.6.1] AndroidManifest.xml:114:13-36
233            <intent-filter>
233-->[com.onesignal:OneSignal:4.6.1] AndroidManifest.xml:115:13-118:29
234                <action android:name="android.intent.action.BOOT_COMPLETED" />
234-->[com.onesignal:OneSignal:4.6.1] AndroidManifest.xml:116:17-79
234-->[com.onesignal:OneSignal:4.6.1] AndroidManifest.xml:116:25-76
235                <action android:name="android.intent.action.QUICKBOOT_POWERON" />
235-->[com.onesignal:OneSignal:4.6.1] AndroidManifest.xml:117:17-82
235-->[com.onesignal:OneSignal:4.6.1] AndroidManifest.xml:117:25-79
236            </intent-filter>
237        </receiver>
238        <receiver
238-->[com.onesignal:OneSignal:4.6.1] AndroidManifest.xml:120:9-126:20
239            android:name="com.onesignal.UpgradeReceiver"
239-->[com.onesignal:OneSignal:4.6.1] AndroidManifest.xml:121:13-57
240            android:exported="true" >
240-->[com.onesignal:OneSignal:4.6.1] AndroidManifest.xml:122:13-36
241            <intent-filter>
241-->[com.onesignal:OneSignal:4.6.1] AndroidManifest.xml:123:13-125:29
242                <action android:name="android.intent.action.MY_PACKAGE_REPLACED" />
242-->[com.onesignal:OneSignal:4.6.1] AndroidManifest.xml:124:17-84
242-->[com.onesignal:OneSignal:4.6.1] AndroidManifest.xml:124:25-81
243            </intent-filter>
244        </receiver>
245
246        <activity
246-->[com.onesignal:OneSignal:4.6.1] AndroidManifest.xml:128:9-133:75
247            android:name="com.onesignal.NotificationOpenedReceiver"
247-->[com.onesignal:OneSignal:4.6.1] AndroidManifest.xml:129:13-68
248            android:excludeFromRecents="true"
248-->[com.onesignal:OneSignal:4.6.1] AndroidManifest.xml:130:13-46
249            android:exported="true"
249-->[com.onesignal:OneSignal:4.6.1] AndroidManifest.xml:131:13-36
250            android:noHistory="true"
250-->[com.onesignal:OneSignal:4.6.1] AndroidManifest.xml:132:13-37
251            android:theme="@android:style/Theme.Translucent.NoTitleBar" />
251-->[com.onesignal:OneSignal:4.6.1] AndroidManifest.xml:133:13-72
252        <activity android:name="com.facebook.CustomTabMainActivity" />
252-->[com.facebook.android:facebook-common:12.0.1] AndroidManifest.xml:34:9-71
252-->[com.facebook.android:facebook-common:12.0.1] AndroidManifest.xml:34:19-68
253        <!--
254         The initialization ContentProvider will call FacebookSdk.sdkInitialize automatically
255         with the application context. This config is merged in with the host app's manifest,
256         but there can only be one provider with the same authority activated at any given
257         point; so if the end user has two or more different apps that use Facebook SDK, only the
258         first one will be able to use the provider. To work around this problem, we use the
259         following placeholder in the authority to identify each host application as if it was
260         a completely different provider.
261        -->
262        <provider
262-->[com.facebook.android:facebook-core:12.0.1] AndroidManifest.xml:39:9-42:40
263            android:name="com.facebook.internal.FacebookInitProvider"
263-->[com.facebook.android:facebook-core:12.0.1] AndroidManifest.xml:40:13-70
264            android:authorities="com.niuto.customer.FacebookInitProvider"
264-->[com.facebook.android:facebook-core:12.0.1] AndroidManifest.xml:41:13-72
265            android:exported="false" />
265-->[com.facebook.android:facebook-core:12.0.1] AndroidManifest.xml:42:13-37
266
267        <receiver
267-->[com.facebook.android:facebook-core:12.0.1] AndroidManifest.xml:44:9-50:20
268            android:name="com.facebook.CurrentAccessTokenExpirationBroadcastReceiver"
268-->[com.facebook.android:facebook-core:12.0.1] AndroidManifest.xml:45:13-86
269            android:exported="false" >
269-->[com.facebook.android:facebook-core:12.0.1] AndroidManifest.xml:46:13-37
270            <intent-filter>
270-->[com.facebook.android:facebook-core:12.0.1] AndroidManifest.xml:47:13-49:29
271                <action android:name="com.facebook.sdk.ACTION_CURRENT_ACCESS_TOKEN_CHANGED" />
271-->[com.facebook.android:facebook-core:12.0.1] AndroidManifest.xml:48:17-95
271-->[com.facebook.android:facebook-core:12.0.1] AndroidManifest.xml:48:25-92
272            </intent-filter>
273        </receiver>
274        <receiver
274-->[com.facebook.android:facebook-core:12.0.1] AndroidManifest.xml:51:9-57:20
275            android:name="com.facebook.AuthenticationTokenManager$CurrentAuthenticationTokenChangedBroadcastReceiver"
275-->[com.facebook.android:facebook-core:12.0.1] AndroidManifest.xml:52:13-118
276            android:exported="false" >
276-->[com.facebook.android:facebook-core:12.0.1] AndroidManifest.xml:53:13-37
277            <intent-filter>
277-->[com.facebook.android:facebook-core:12.0.1] AndroidManifest.xml:54:13-56:29
278                <action android:name="com.facebook.sdk.ACTION_CURRENT_AUTHENTICATION_TOKEN_CHANGED" />
278-->[com.facebook.android:facebook-core:12.0.1] AndroidManifest.xml:55:17-103
278-->[com.facebook.android:facebook-core:12.0.1] AndroidManifest.xml:55:25-100
279            </intent-filter>
280        </receiver> <!-- The activities will be merged into the manifest of the hosting app. -->
281        <activity
281-->[com.google.android.play:core:1.10.0] AndroidManifest.xml:12:5-271
282            android:name="com.google.android.play.core.missingsplits.PlayCoreMissingSplitsActivity"
282-->[com.google.android.play:core:1.10.0] AndroidManifest.xml:12:15-102
283            android:enabled="false"
283-->[com.google.android.play:core:1.10.0] AndroidManifest.xml:12:103-126
284            android:exported="false"
284-->[com.google.android.play:core:1.10.0] AndroidManifest.xml:12:127-151
285            android:launchMode="singleInstance"
285-->[com.google.android.play:core:1.10.0] AndroidManifest.xml:12:204-239
286            android:process=":playcore_missing_splits_activity"
286-->[com.google.android.play:core:1.10.0] AndroidManifest.xml:12:152-203
287            android:stateNotNeeded="true" />
287-->[com.google.android.play:core:1.10.0] AndroidManifest.xml:12:240-269
288        <activity
288-->[com.google.android.play:core:1.10.0] AndroidManifest.xml:13:5-226
289            android:name="com.google.android.play.core.common.PlayCoreDialogWrapperActivity"
289-->[com.google.android.play:core:1.10.0] AndroidManifest.xml:13:15-95
290            android:enabled="false"
290-->[com.google.android.play:core:1.10.0] AndroidManifest.xml:13:96-119
291            android:exported="false"
291-->[com.google.android.play:core:1.10.0] AndroidManifest.xml:13:120-144
292            android:stateNotNeeded="true"
292-->[com.google.android.play:core:1.10.0] AndroidManifest.xml:13:145-174
293            android:theme="@style/Theme.PlayCore.Transparent" /> <!-- The services will be merged into the manifest of the hosting app. -->
293-->[com.google.android.play:core:1.10.0] AndroidManifest.xml:13:175-224
294        <service
294-->[com.google.android.play:core:1.10.0] AndroidManifest.xml:16:5-18:15